<?xml version="1.0" encoding="UTF-8"?>
<!-- Generated by org.testng.reporters.JUnitReportReporter -->
<testsuite hostname="Fatimahs-MBP.lan" failures="0" tests="1" name="herokuapp.testcase.ValidLoginTest" time="9.759" errors="0" timestamp="2022-07-19T17:10:13 WAT" skipped="0">
  <testcase classname="herokuapp.testcase.ValidLoginTest" name="ValidloginTest" time="9.759"/>
  <system-out/>
</testsuite> <!-- herokuapp.testcase.ValidLoginTest -->
