<?xml version="1.0" encoding="UTF-8"?>
<!-- Generated by org.testng.reporters.JUnitReportReporter -->
<testsuite hostname="Fatimahs-MBP.lan" failures="0" tests="1" name="herokuapp.qa.testcase.InvalidLoginTest" time="9.308" errors="0" timestamp="2022-07-19T17:04:02 WAT" skipped="0">
  <testcase classname="herokuapp.qa.testcase.InvalidLoginTest" name="ValidloginTest" time="9.308"/>
  <system-out/>
</testsuite> <!-- herokuapp.qa.testcase.InvalidLoginTest -->
